{
  "RSpec": {
    "coverage": {
      "/home/cuongnc/Rails/rsm/spec/models/user_spec.rb": [
        1,
        null,
        1,
        null,
        29,
        29,
        29,
        null,
        29,
        null,
        1,
        2,
        2,
        2,
        2,
        2,
        2,
        2,
        2,
        2,
        2,
        2,
        2,
        2,
        2,
        2,
        2,
        2,
        null,
        null,
        1,
        2,
        2,
        2,
        2,
        2,
        2,
        2,
        null,
        1,
        2,
        1,
        1,
        1,
        null,
        null,
        null,
        1,
        2,
        1,
        1,
        1,
        null,
        null,
        null,
        1,
        2,
        1,
        1,
        1,
        null,
        null,
        null,
        1,
        2,
        1,
        1,
        1,
        null,
        null,
        null
      ],
      "/home/cuongnc/Rails/rsm/spec/rails_helper.rb": [
        1,
        1,
        1,
        1,
        1,
        1,
        1,
        null,
        1,
        null,
        1,
        1,
        1,
        1,
        1,
        1,
        1,
        1,
        1,
        1,
        null,
        null,
        1,
        1,
        null
      ],
      "/home/cuongnc/Rails/rsm/config/environment.rb": [
        null,
        1,
        null,
        null,
        1
      ],
      "/home/cuongnc/Rails/rsm/config/application.rb": [
        1,
        null,
        1,
        1,
        null,
        null,
        null,
        1,
        null,
        1,
        1,
        null,
        1,
        1,
        1,
        1,
        1,
        1,
        1,
        1,
        1,
        null,
        null,
        null,
        1,
        null,
        null,
        null,
        null,
        null
      ],
      "/home/cuongnc/Rails/rsm/config/boot.rb": [
        1,
        null,
        1
      ],
      "/home/cuongnc/Rails/rsm/config/initializers/config.rb": [
        1,
        null,
        0,
        null,
        null,
        null,
        null,
        null,
        null,
        null,
        null,
        null,
        null,
        null,
        null,
        null,
        null,
        null,
        null,
        null,
        null,
        null,
        null,
        null,
        null,
        null,
        null,
        null,
        null,
        null,
        null,
        null,
        null,
        null,
        null,
        null,
        null,
        null,
        null,
        null,
        null,
        null,
        null,
        null,
        null
      ],
      "/home/cuongnc/Rails/rsm/config/environments/test.rb": [
        1,
        null,
        null,
        null,
        null,
        null,
        null,
        1,
        null,
        null,
        null,
        null,
        1,
        null,
        null,
        1,
        1,
        null,
        null,
        null,
        null,
        1,
        1,
        null,
        null,
        1,
        null,
        null,
        1,
        1,
        null,
        null,
        null,
        null,
        1,
        null,
        null,
        1,
        null,
        null,
        null,
        1,
        null
      ],
      "/home/cuongnc/Rails/rsm/config/initializers/application_controller_renderer.rb": [
        null,
        null,
        null,
        null,
        null,
        null,
        null,
        null
      ],
      "/home/cuongnc/Rails/rsm/config/initializers/assets.rb": [
        1,
        1,
        1,
        1,
        1,
        1,
        1,
        1,
        1,
        1,
        1,
        1,
        1,
        1,
        1,
        1,
        1,
        1,
        1,
        1,
        1,
        1,
        1,
        1,
        1,
        1,
        1,
        1,
        1,
        1,
        1,
        1,
        1,
        1,
        null
      ],
      "/home/cuongnc/Rails/rsm/config/initializers/backtrace_silencers.rb": [
        null,
        null,
        null,
        null,
        null,
        null,
        null
      ],
      "/home/cuongnc/Rails/rsm/config/initializers/ckeditor.rb": [
        null,
        1,
        null,
        null,
        null,
        null,
        1,
        null,
        null,
        null,
        null,
        null,
        null,
        null,
        null,
        null,
        null,
        null,
        null,
        null,
        null,
        null,
        null,
        null,
        null,
        null,
        null,
        null,
        null,
        null,
        null,
        null,
        null,
        null,
        null,
        null,
        null,
        null,
        null,
        null,
        null,
        null,
        null,
        null,
        null,
        null,
        null,
        null,
        null,
        null,
        null,
        null,
        null,
        null,
        null,
        null,
        null,
        null
      ],
      "/home/cuongnc/Rails/rsm/config/initializers/cookies_serializer.rb": [
        null,
        null,
        null,
        null,
        1
      ],
      "/home/cuongnc/Rails/rsm/config/initializers/devise.rb": [
        null,
        null,
        1,
        null,
        null,
        null,
        null,
        null,
        null,
        null,
        null,
        null,
        null,
        null,
        1,
        null,
        null,
        1,
        null,
        null,
        null,
        null,
        null,
        null,
        null,
        null,
        1,
        null,
        null,
        null,
        null,
        null,
        null,
        null,
        null,
        null,
        null,
        null,
        null,
        null,
        null,
        null,
        null,
        null,
        null,
        null,
        null,
        null,
        1,
        null,
        null,
        null,
        null,
        1,
        null,
        null,
        null,
        null,
        null,
        null,
        null,
        null,
        null,
        null,
        null,
        null,
        null,
        null,
        null,
        1,
        null,
        null,
        null,
        null,
        null,
        null,
        null,
        null,
        null,
        null,
        null,
        null,
        null,
        null,
        1,
        null,
        null,
        null,
        null,
        null,
        null,
        null,
        null,
        null,
        null,
        null,
        null,
        null,
        null,
        null,
        null,
        null,
        null,
        null,
        null,
        null,
        null,
        1,
        null,
        null,
        null,
        null,
        null,
        null,
        null,
        null,
        null,
        null,
        null,
        null,
        null,
        null,
        null,
        null,
        null,
        null,
        null,
        null,
        null,
        null,
        null,
        null,
        null,
        null,
        null,
        null,
        null,
        null,
        1,
        null,
        null,
        null,
        null,
        null,
        null,
        null,
        null,
        null,
        1,
        null,
        null,
        null,
        null,
        null,
        null,
        null,
        null,
        null,
        null,
        1,
        null,
        null,
        null,
        null,
        1,
        null,
        null,
        null,
        null,
        null,
        null,
        null,
        null,
        null,
        null,
        null,
        null,
        null,
        null,
        null,
        null,
        null,
        null,
        null,
        null,
        null,
        null,
        null,
        null,
        null,
        null,
        null,
        null,
        null,
        null,
        null,
        null,
        null,
        null,
        null,
        null,
        null,
        null,
        null,
        null,
        1,
        null,
        null,
        null,
        null,
        null,
        null,
        null,
        null,
        null,
        null,
        null,
        null,
        null,
        null,
        null,
        null,
        null,
        null,
        null,
        null,
        null,
        null,
        null,
        null,
        null,
        null,
        null,
        null,
        null,
        null,
        null,
        null,
        null,
        null,
        null,
        null,
        null,
        null,
        null,
        1,
        null,
        null,
        1,
        null,
        null,
        null,
        null,
        null,
        null,
        null,
        null,
        null,
        null,
        null,
        null,
        null,
        null,
        null,
        null,
        null,
        null,
        null,
        null,
        null,
        null,
        null,
        null,
        null,
        null,
        null,
        null,
        null,
        1,
        null
      ],
      "/home/cuongnc/Rails/rsm/config/initializers/filter_parameter_logging.rb": [
        null,
        null,
        null,
        1
      ],
      "/home/cuongnc/Rails/rsm/config/initializers/inflections.rb": [
        null,
        null,
        null,
        null,
        null,
        null,
        null,
        null,
        null,
        null,
        null,
        null,
        null,
        null,
        null,
        null
      ],
      "/home/cuongnc/Rails/rsm/config/initializers/kaminari_config.rb": [
        null,
        1,
        1,
        null,
        null,
        null,
        null,
        null,
        null,
        null,
        null,
        null
      ],
      "/home/cuongnc/Rails/rsm/config/initializers/mime_types.rb": [
        null,
        null,
        null,
        null
      ],
      "/home/cuongnc/Rails/rsm/config/initializers/rack_profiler.rb": [
        1,
        1,
        0,
        0,
        null
      ],
      "/home/cuongnc/Rails/rsm/config/initializers/simple_form.rb": [
        1,
        1,
        null,
        null,
        1,
        1,
        1,
        1,
        1,
        1,
        1,
        null,
        1,
        1,
        1,
        null,
        1,
        1,
        1,
        1,
        1,
        1,
        1,
        null
      ],
      "/home/cuongnc/Rails/rsm/config/initializers/simple_form_bootstrap.rb": [
        null,
        1,
        1,
        1,
        1,
        null,
        1,
        1,
        1,
        1,
        1,
        1,
        1,
        1,
        1,
        null,
        1,
        1,
        1,
        null,
        null,
        1,
        1,
        1,
        1,
        1,
        1,
        1,
        null,
        1,
        1,
        1,
        null,
        null,
        1,
        1,
        1,
        null,
        1,
        1,
        null,
        null,
        1,
        1,
        null,
        null,
        1,
        1,
        1,
        1,
        1,
        1,
        1,
        null,
        null,
        1,
        1,
        1,
        1,
        1,
        1,
        1,
        1,
        1,
        null,
        1,
        1,
        1,
        1,
        null,
        null,
        null,
        1,
        1,
        1,
        1,
        1,
        1,
        1,
        null,
        1,
        1,
        1,
        1,
        null,
        null,
        null,
        1,
        1,
        1,
        null,
        1,
        1,
        1,
        null,
        null,
        1,
        1,
        null,
        null,
        null,
        1,
        1,
        1,
        null,
        1,
        null,
        1,
        1,
        1,
        1,
        null,
        null,
        null,
        1,
        1,
        1,
        1,
        1,
        1,
        1,
        1,
        1,
        null,
        1,
        1,
        1,
        null,
        null,
        1,
        1,
        1,
        1,
        1,
        1,
        1,
        1,
        null,
        null,
        null,
        null,
        null,
        null,
        1,
        1,
        null,
        null,
        null,
        null,
        null,
        null,
        null,
        null,
        null
      ],
      "/home/cuongnc/Rails/rsm/config/initializers/social_share_button.rb": [
        1,
        1,
        null
      ],
      "/home/cuongnc/Rails/rsm/config/initializers/wrap_parameters.rb": [
        null,
        null,
        null,
        null,
        null,
        null,
        1,
        2,
        null,
        null,
        null,
        null,
        null,
        null
      ],
      "/home/cuongnc/Rails/rsm/spec/factories/ability.rb": [
        1,
        1,
        1,
        1,
        1,
        null,
        null
      ],
      "/home/cuongnc/Rails/rsm/spec/factories/achievement.rb": [
        1,
        1,
        1,
        1,
        1,
        1,
        1,
        null,
        null
      ],
      "/home/cuongnc/Rails/rsm/spec/factories/answers.rb": [
        1,
        1,
        1,
        1,
        1,
        null,
        null
      ],
      "/home/cuongnc/Rails/rsm/spec/factories/apply.rb": [
        1,
        1,
        1,
        1,
        null,
        null
      ],
      "/home/cuongnc/Rails/rsm/spec/factories/apply_statuses.rb": [
        1,
        1,
        null,
        null,
        null
      ],
      "/home/cuongnc/Rails/rsm/spec/factories/appointment.rb": [
        1,
        1,
        1,
        1,
        1,
        1,
        1,
        null,
        null
      ],
      "/home/cuongnc/Rails/rsm/spec/factories/bookmark_like.rb": [
        1,
        1,
        1,
        1,
        1,
        null,
        null
      ],
      "/home/cuongnc/Rails/rsm/spec/factories/branch.rb": [
        1,
        1,
        1,
        1,
        1,
        1,
        1,
        1,
        null,
        null
      ],
      "/home/cuongnc/Rails/rsm/spec/factories/category.rb": [
        1,
        1,
        1,
        1,
        null,
        null
      ],
      "/home/cuongnc/Rails/rsm/spec/factories/certificate.rb": [
        1,
        1,
        1,
        1,
        1,
        1,
        1,
        1,
        null,
        null,
        null
      ],
      "/home/cuongnc/Rails/rsm/spec/factories/club.rb": [
        1,
        1,
        1,
        1,
        1,
        1,
        1,
        1,
        1,
        1,
        1,
        null,
        null
      ],
      "/home/cuongnc/Rails/rsm/spec/factories/company.rb": [
        1,
        1,
        1,
        1,
        1,
        1,
        1,
        1,
        1,
        1,
        null,
        null
      ],
      "/home/cuongnc/Rails/rsm/spec/factories/company_steps.rb": [
        1,
        1,
        null,
        null,
        null
      ],
      "/home/cuongnc/Rails/rsm/spec/factories/experience.rb": [
        1,
        1,
        1,
        1,
        1,
        1,
        1,
        1,
        1,
        1,
        null,
        null
      ],
      "/home/cuongnc/Rails/rsm/spec/factories/job.rb": [
        1,
        1,
        1,
        1,
        1,
        1,
        1,
        1,
        1,
        1,
        1,
        1,
        null,
        null
      ],
      "/home/cuongnc/Rails/rsm/spec/factories/questions.rb": [
        1,
        1,
        1,
        1,
        null,
        null
      ],
      "/home/cuongnc/Rails/rsm/spec/factories/reward_benefit.rb": [
        1,
        1,
        1,
        1,
        null,
        null
      ],
      "/home/cuongnc/Rails/rsm/spec/factories/status_steps.rb": [
        1,
        1,
        null,
        null,
        null
      ],
      "/home/cuongnc/Rails/rsm/spec/factories/steps.rb": [
        1,
        1,
        null,
        null,
        null
      ],
      "/home/cuongnc/Rails/rsm/spec/factories/templates.rb": [
        1,
        1,
        1,
        1,
        1,
        1,
        null,
        null
      ],
      "/home/cuongnc/Rails/rsm/spec/factories/user.rb": [
        1,
        1,
        1,
        1,
        1,
        1,
        1,
        1,
        57,
        1,
        1,
        null,
        null
      ],
      "/home/cuongnc/Rails/rsm/config/routes.rb": [
        1,
        null,
        1,
        1,
        1,
        null,
        null,
        null,
        null,
        null,
        1,
        1,
        1,
        1,
        1,
        1,
        1,
        1,
        null,
        null,
        1,
        1,
        1,
        1,
        null,
        1,
        1,
        1,
        1,
        1,
        1,
        1,
        1,
        1,
        1,
        1,
        1,
        null,
        1,
        1,
        1,
        1,
        1,
        1,
        1,
        1,
        1,
        1,
        1,
        1,
        1,
        1,
        null,
        1,
        1,
        1,
        1,
        1,
        null
      ],
      "/home/cuongnc/Rails/rsm/app/models/user.rb": [
        1,
        1,
        null,
        1,
        1,
        1,
        1,
        1,
        1,
        1,
        1,
        1,
        1,
        1,
        1,
        1,
        1,
        1,
        1,
        1,
        1,
        1,
        1,
        null,
        1,
        1,
        null,
        null,
        1,
        1,
        null,
        1,
        1,
        1,
        1,
        null,
        1,
        1,
        null,
        1,
        0,
        null,
        null,
        1,
        0,
        0,
        null,
        null,
        null,
        1,
        0,
        0,
        null,
        null,
        null,
        1,
        0,
        0,
        null,
        null,
        1,
        0,
        null,
        null,
        1,
        0,
        null,
        null
      ],
      "/home/cuongnc/Rails/rsm/app/models/application_record.rb": [
        1,
        1,
        null
      ],
      "/home/cuongnc/Rails/rsm/app/models/relationship.rb": [
        1,
        1,
        1,
        null
      ],
      "/home/cuongnc/Rails/rsm/app/models/report.rb": [
        1,
        1,
        1,
        null
      ],
      "/home/cuongnc/Rails/rsm/app/uploaders/picture_uploader.rb": [
        1,
        null,
        1,
        null,
        1,
        0,
        null,
        null,
        1,
        0,
        null,
        null,
        1,
        0,
        null,
        null
      ],
      "/home/cuongnc/Rails/rsm/app/uploaders/cv_uploader.rb": [
        1,
        1,
        null,
        1,
        0,
        null,
        null,
        1,
        0,
        null,
        null
      ],
      "/home/cuongnc/Rails/rsm/app/helpers/achievements_helper.rb": [
        1,
        1,
        0,
        0,
        null,
        0,
        null,
        null,
        null,
        1,
        0,
        null,
        null
      ],
      "/home/cuongnc/Rails/rsm/app/helpers/application_helper.rb": [
        1,
        null,
        1,
        0,
        0,
        0,
        null,
        0,
        null,
        null,
        null,
        1,
        0,
        null,
        null,
        1,
        0,
        null,
        null,
        1,
        0,
        null,
        null,
        1,
        0,
        0,
        null,
        null,
        1,
        0,
        null,
        null,
        1,
        0,
        null,
        null,
        1,
        0,
        null,
        null,
        1,
        0,
        0,
        0,
        0,
        0,
        null,
        null,
        null,
        1,
        0,
        null,
        null,
        1,
        0,
        null,
        null,
        1,
        null,
        0,
        null,
        0,
        0,
        0,
        0,
        null,
        null
      ],
      "/home/cuongnc/Rails/rsm/app/helpers/applies_helper.rb": [
        1,
        1,
        0,
        null,
        null,
        1,
        0,
        null,
        null
      ],
      "/home/cuongnc/Rails/rsm/app/helpers/certificates_helper.rb": [
        1,
        1,
        0,
        0,
        null,
        0,
        null,
        null,
        null,
        1,
        0,
        null,
        null
      ],
      "/home/cuongnc/Rails/rsm/app/helpers/clubs_helper.rb": [
        1,
        1,
        0,
        0,
        null,
        0,
        null,
        null,
        null,
        1,
        0,
        0,
        null,
        0,
        null,
        null,
        null,
        1,
        0,
        null,
        null
      ],
      "/home/cuongnc/Rails/rsm/app/helpers/companies_helper.rb": [
        1,
        1,
        0,
        null,
        null,
        1,
        0,
        null,
        null,
        1,
        0,
        0,
        null,
        null,
        null
      ],
      "/home/cuongnc/Rails/rsm/app/helpers/email_helper.rb": [
        1,
        1,
        56,
        56,
        null,
        null,
        1,
        0,
        0,
        null,
        null,
        1,
        null,
        null,
        null,
        null,
        null,
        null,
        null,
        null,
        null,
        null,
        0,
        null,
        null,
        1,
        null,
        null,
        null,
        null,
        null,
        null,
        0,
        0,
        null,
        null,
        1,
        0,
        0,
        0,
        0,
        0,
        0,
        null,
        null
      ],
      "/home/cuongnc/Rails/rsm/app/helpers/employers_helper.rb": [
        1,
        null,
        1,
        null,
        null,
        0,
        null,
        0,
        null,
        0,
        null,
        0,
        0,
        null,
        null,
        1,
        null,
        null,
        0,
        null,
        0,
        null,
        0,
        null,
        0,
        0,
        null,
        null,
        1,
        0,
        0,
        null,
        null,
        1,
        0,
        0,
        null,
        null,
        1,
        0,
        0,
        0,
        null,
        null,
        null,
        null,
        1,
        0,
        0,
        0,
        null,
        null,
        null,
        null,
        1,
        0,
        null,
        null,
        1,
        0,
        null,
        null,
        1,
        0,
        null,
        null,
        1,
        0,
        0,
        null,
        null,
        1,
        0,
        null,
        null,
        1,
        0,
        0,
        0,
        null,
        0,
        0,
        null,
        0,
        0,
        null,
        null,
        1,
        0,
        0,
        null,
        0,
        null,
        0,
        null,
        null,
        1,
        null,
        null,
        0,
        null,
        0,
        null,
        0,
        null,
        0,
        0,
        null,
        null,
        1,
        0,
        0,
        null,
        0,
        null,
        null,
        1,
        0,
        null,
        null,
        1,
        0,
        null,
        0,
        null,
        0,
        null,
        0,
        null,
        null,
        null,
        1,
        0,
        null,
        null,
        1,
        0,
        0,
        null,
        0,
        null,
        null,
        null,
        1,
        0,
        null,
        null
      ],
      "/home/cuongnc/Rails/rsm/app/helpers/experiences_helper.rb": [
        1,
        1,
        0,
        0,
        null,
        0,
        null,
        null,
        null,
        1,
        0,
        null,
        null
      ],
      "/home/cuongnc/Rails/rsm/app/helpers/jobs_helper.rb": [
        1,
        1,
        0,
        null,
        null,
        1,
        0,
        0,
        null,
        null,
        1,
        0,
        null,
        null,
        1,
        0,
        null,
        null,
        null,
        1,
        0,
        null,
        null,
        1,
        0,
        0,
        null,
        null,
        1,
        0,
        0,
        0,
        0,
        0,
        0,
        null,
        null,
        1,
        0,
        null,
        null,
        1,
        0,
        null,
        0,
        null,
        0,
        null,
        0,
        null,
        0,
        null,
        0,
        null,
        null,
        null,
        1,
        0,
        null,
        0,
        null,
        null,
        1,
        0,
        null,
        null,
        1,
        0,
        null,
        null,
        1,
        0,
        0,
        null,
        0,
        null,
        null,
        null,
        1,
        0,
        null,
        null,
        0,
        null,
        null
      ],
      "/home/cuongnc/Rails/rsm/app/helpers/members_helper.rb": [
        1,
        1,
        0,
        null,
        null
      ],
      "/home/cuongnc/Rails/rsm/app/helpers/notifications_helper.rb": [
        1,
        1,
        0,
        0,
        null,
        null,
        0,
        0,
        0,
        null,
        0,
        null,
        0,
        null,
        0,
        null,
        null,
        null,
        1,
        0,
        0,
        null,
        0,
        null,
        null,
        null,
        1,
        0,
        0,
        null,
        0,
        null,
        null,
        null
      ],
      "/home/cuongnc/Rails/rsm/app/helpers/users_helper.rb": [
        1,
        1,
        0,
        null,
        null
      ],
      "/home/cuongnc/Rails/rsm/app/models/company.rb": [
        1,
        1,
        1,
        1,
        1,
        1,
        1,
        1,
        1,
        1,
        1,
        1,
        1,
        1,
        1,
        1,
        1,
        1,
        1,
        null,
        1,
        null,
        1,
        1,
        1,
        1,
        null,
        1,
        1,
        null,
        1,
        1,
        1,
        1,
        1,
        null
      ],
      "/home/cuongnc/Rails/rsm/app/uploaders/image_uploader.rb": [
        1,
        null,
        1,
        null,
        1,
        0,
        null,
        null,
        1,
        0,
        null,
        null
      ],
      "/home/cuongnc/Rails/rsm/app/uploaders/logo_uploader.rb": [
        1,
        1,
        null,
        1,
        0,
        null,
        null,
        1,
        0,
        null,
        null
      ],
      "/home/cuongnc/Rails/rsm/app/mailers/devise_mailer.rb": [
        1,
        1,
        null,
        1,
        null
      ],
      "/home/cuongnc/Rails/rsm/app/models/achievement.rb": [
        1,
        1,
        null,
        1,
        1,
        1,
        1,
        1,
        null
      ],
      "/home/cuongnc/Rails/rsm/app/models/club.rb": [
        1,
        1,
        null,
        1,
        1,
        1,
        1,
        1,
        1,
        1,
        null,
        1,
        1,
        null,
        1,
        null,
        1,
        0,
        0,
        null,
        null,
        1,
        0,
        0,
        null,
        0,
        0,
        null,
        null
      ],
      "/home/cuongnc/Rails/rsm/app/models/certificate.rb": [
        1,
        1,
        null,
        1,
        1,
        1,
        1,
        1,
        1,
        null
      ],
      "/home/cuongnc/Rails/rsm/app/models/experience.rb": [
        1,
        1,
        null,
        1,
        1,
        1,
        1,
        1,
        1,
        1,
        null,
        1,
        1,
        null,
        1,
        null,
        1,
        0,
        0,
        null,
        null,
        1,
        0,
        0,
        null,
        0,
        0,
        null,
        null
      ],
      "/home/cuongnc/Rails/rsm/app/models/friend.rb": [
        1,
        1,
        null
      ],
      "/home/cuongnc/Rails/rsm/app/models/micropost.rb": [
        1,
        1,
        null
      ],
      "/home/cuongnc/Rails/rsm/app/models/job.rb": [
        1,
        1,
        null,
        1,
        1,
        1,
        1,
        1,
        1,
        1,
        1,
        1,
        1,
        null,
        1,
        0,
        1,
        null,
        1,
        1,
        1,
        1,
        1,
        1,
        1,
        1,
        1,
        null,
        1,
        1,
        1,
        null,
        1,
        0,
        null,
        1,
        1,
        1,
        1,
        null,
        1,
        null,
        1,
        null,
        1,
        0,
        0,
        null,
        null,
        null,
        null,
        1,
        1,
        0,
        null,
        null,
        1,
        0,
        null,
        null,
        1,
        null,
        0,
        null,
        null,
        null,
        1,
        null,
        1,
        0,
        0,
        null,
        null
      ],
      "/home/cuongnc/Rails/rsm/app/models/bookmark_like.rb": [
        1,
        1,
        null,
        1,
        1,
        1,
        null,
        1,
        1,
        null
      ],
      "/home/cuongnc/Rails/rsm/app/models/feedback.rb": [
        1,
        1,
        1,
        null
      ],
      "/home/cuongnc/Rails/rsm/app/models/apply.rb": [
        1,
        1,
        null,
        1,
        1,
        1,
        1,
        1,
        1,
        1,
        1,
        1,
        null,
        1,
        null,
        1,
        null,
        1,
        1,
        1,
        1,
        null,
        1,
        1,
        null,
        1,
        1,
        1,
        null,
        1,
        null,
        1,
        1,
        1,
        null,
        1,
        null,
        1,
        0,
        0,
        0,
        0,
        0,
        null,
        null,
        1,
        0,
        0,
        null,
        null,
        1,
        0,
        0,
        0,
        null,
        0,
        null,
        null,
        null,
        null,
        null,
        1,
        0,
        0,
        null,
        null,
        1,
        null,
        1,
        0,
        0,
        0,
        0,
        null,
        null,
        null
      ],
      "/home/cuongnc/Rails/rsm/app/models/inforappointment.rb": [
        1,
        1,
        null,
        1,
        1,
        null,
        1,
        null,
        1,
        0,
        null,
        null,
        1,
        0,
        0,
        null,
        null,
        1,
        1,
        0,
        null,
        null,
        1,
        0,
        null,
        0,
        null,
        null,
        null
      ],
      "/home/cuongnc/Rails/rsm/app/models/notification.rb": [
        1,
        1,
        1,
        null,
        1,
        1,
        1,
        null,
        1,
        null,
        1,
        null,
        1,
        null,
        1,
        1,
        null,
        1,
        1,
        1,
        1,
        1,
        null,
        1,
        1,
        0,
        0,
        0,
        null,
        null,
        null,
        null,
        null,
        1,
        0,
        null,
        null,
        null,
        1,
        null,
        1,
        0,
        null,
        null,
        null,
        1,
        0,
        null,
        null,
        null,
        1,
        0,
        0,
        0,
        null,
        null
      ],
      "/home/cuongnc/Rails/rsm/app/models/member.rb": [
        1,
        1,
        null,
        1,
        1,
        1,
        1,
        1,
        1,
        1,
        null,
        1,
        null,
        1,
        1,
        1,
        0,
        null,
        null,
        1,
        null,
        1,
        0,
        0,
        null,
        null,
        1,
        0,
        0,
        null,
        0,
        0,
        null,
        null
      ]
    },
    "timestamp": 1518422758
  }
}
